<?xml version="1.0" encoding="UTF-8"?>
<!-- Generated by org.testng.reporters.JUnitXMLReporter -->
<testsuite hostname="DESKTOP-0H2MMO1" name="Test" tests="7" failures="0" timestamp="9 Sep 2020 08:11:33 GMT" time="3512.587" errors="0">
  <testcase name="loginTestCase" time="881.686" classname="com.yoloj.TestCases.TC_Login_Retest"/>
  <testcase name="userRegister" time="322.717" classname="com.yoloj.TestCases.TC_UserRegister_Retest"/>
  <testcase name="test2" time="212.303" classname="com.yoloj.TestCases.TC_UserRegister_02"/>
  <testcase name="loginTestCase" time="14.792" classname="com.yoloj.TestCases.TC_ProviderLogin_Retest"/>
  <testcase name="providerRegister" time="494.237" classname="com.yoloj.TestCases.TC_ProviderRegister_Retest"/>
  <testcase name="OrgDetails" time="515.472" classname="com.yoloj.TestCases.TC_ProviderRegister_OrgDetails"/>
  <testcase name="ServideType" time="876.592" classname="com.yoloj.TestCases.TC_ProviderRegister_ServiceDetails"/>
</testsuite> <!-- Test -->
