<?xml version="1.0" encoding="UTF-8"?>
<testng-results skipped="0" failed="0" total="1" passed="1">
  <reporter-output>
  </reporter-output>
  <suite name="Default suite" duration-ms="986940" started-at="2020-08-31T04:42:46Z" finished-at="2020-08-31T04:59:13Z">
    <groups>
    </groups>
    <test name="Default test" duration-ms="986940" started-at="2020-08-31T04:42:46Z" finished-at="2020-08-31T04:59:13Z">
      <class name="com.yoloj.TestCases.TC_UserRegister_Retest">
        <test-method status="PASS" signature="setup()[pri:0, instance:com.yoloj.TestCases.TC_UserRegister_Retest@1b0375b3]" name="setup" is-config="true" duration-ms="13478" started-at="2020-08-31T10:12:46Z" finished-at="2020-08-31T10:13:00Z">
          <reporter-output>
          </reporter-output>
        </test-method> <!-- setup -->
        <test-method status="PASS" signature="userRegister()[pri:0, instance:com.yoloj.TestCases.TC_UserRegister_Retest@1b0375b3]" name="userRegister" duration-ms="973412" started-at="2020-08-31T10:13:00Z" finished-at="2020-08-31T10:29:13Z">
          <reporter-output>
          </reporter-output>
        </test-method> <!-- userRegister -->
      </class> <!-- com.yoloj.TestCases.TC_UserRegister_Retest -->
    </test> <!-- Default test -->
  </suite> <!-- Default suite -->
</testng-results>
