<?xml version="1.0" encoding="UTF-8"?>
<testng-results skipped="0" failed="1" ignored="0" total="1" passed="0">
  <reporter-output>
  </reporter-output>
  <suite name="Default suite" duration-ms="28067" started-at="2020-11-16T19:22:32 IST" finished-at="2020-11-16T19:23:00 IST">
    <groups>
    </groups>
    <test name="Default test" duration-ms="28067" started-at="2020-11-16T19:22:32 IST" finished-at="2020-11-16T19:23:00 IST">
      <class name="com.yoloj.TestCases.TC_UserDashboard">
        <test-method status="PASS" signature="setup()[pri:0, instance:com.yoloj.TestCases.TC_UserDashboard@4a52ec]" name="setup" is-config="true" duration-ms="26383" started-at="2020-11-16T19:22:32 IST" finished-at="2020-11-16T19:22:59 IST">
          <reporter-output>
          </reporter-output>
        </test-method> <!-- setup -->
        <test-method status="FAIL" signature="userTest()[pri:0, instance:com.yoloj.TestCases.TC_UserDashboard@4a52ec]" name="userTest" duration-ms="263" started-at="2020-11-16T19:22:59 IST" finished-at="2020-11-16T19:22:59 IST">
          <exception class="java.io.FileNotFoundException">
            <message>
              <![CDATA[C:\Users\hp\Desktop\UserDashboard.xlsx (The system cannot find the path specified)]]>
            </message>
            <full-stacktrace>
              <![CDATA[java.io.FileNotFoundException: C:\Users\hp\Desktop\UserDashboard.xlsx (The system cannot find the path specified)
at java.io.FileInputStream.open0(Native Method)
at java.io.FileInputStream.open(Unknown Source)
at java.io.FileInputStream.<init>(Unknown Source)
at java.io.FileInputStream.<init>(Unknown Source)
at com.yoloj.TestCases.TC_UserDashboard.userTest(TC_UserDashboard.java:35)
at sun.reflect.NativeMethodAccessorImpl.invoke0(Native Method)
at sun.reflect.NativeMethodAccessorImpl.invoke(Unknown Source)
at sun.reflect.DelegatingMethodAccessorImpl.invoke(Unknown Source)
at java.lang.reflect.Method.invoke(Unknown Source)
at org.testng.internal.MethodInvocationHelper.invokeMethod(MethodInvocationHelper.java:135)
at org.testng.internal.TestInvoker.invokeMethod(TestInvoker.java:598)
at org.testng.internal.TestInvoker.invokeTestMethod(TestInvoker.java:174)
at org.testng.internal.MethodRunner.runInSequence(MethodRunner.java:46)
at org.testng.internal.TestInvoker$MethodInvocationAgent.invoke(TestInvoker.java:821)
at org.testng.internal.TestInvoker.invokeTestMethods(TestInvoker.java:147)
at org.testng.internal.TestMethodWorker.invokeTestMethods(TestMethodWorker.java:146)
at org.testng.internal.TestMethodWorker.run(TestMethodWorker.java:128)
at java.util.ArrayList.forEach(Unknown Source)
at org.testng.TestRunner.privateRun(TestRunner.java:767)
at org.testng.TestRunner.run(TestRunner.java:588)
at org.testng.SuiteRunner.runTest(SuiteRunner.java:384)
at org.testng.SuiteRunner.runSequentially(SuiteRunner.java:378)
at org.testng.SuiteRunner.privateRun(SuiteRunner.java:337)
at org.testng.SuiteRunner.run(SuiteRunner.java:286)
at org.testng.SuiteRunnerWorker.runSuite(SuiteRunnerWorker.java:53)
at org.testng.SuiteRunnerWorker.run(SuiteRunnerWorker.java:96)
at org.testng.TestNG.runSuitesSequentially(TestNG.java:1214)
at org.testng.TestNG.runSuitesLocally(TestNG.java:1136)
at org.testng.TestNG.runSuites(TestNG.java:1066)
at org.testng.TestNG.run(TestNG.java:1034)
at org.testng.remote.AbstractRemoteTestNG.run(AbstractRemoteTestNG.java:115)
at org.testng.remote.RemoteTestNG.initAndRun(RemoteTestNG.java:251)
at org.testng.remote.RemoteTestNG.main(RemoteTestNG.java:77)
]]>
            </full-stacktrace>
          </exception> <!-- java.io.FileNotFoundException -->
          <reporter-output>
          </reporter-output>
        </test-method> <!-- userTest -->
        <test-method status="PASS" signature="tearDown()[pri:0, instance:com.yoloj.TestCases.TC_UserDashboard@4a52ec]" name="tearDown" is-config="true" duration-ms="1293" started-at="2020-11-16T19:22:59 IST" finished-at="2020-11-16T19:23:00 IST">
          <reporter-output>
          </reporter-output>
        </test-method> <!-- tearDown -->
      </class> <!-- com.yoloj.TestCases.TC_UserDashboard -->
    </test> <!-- Default test -->
  </suite> <!-- Default suite -->
</testng-results>
